Using pre-set license
Built from '2020.3/staging' branch; Version is '2020.3.21f1 (a38c86f6690f) revision 10718342'; Using compiler version '192528614'; Build Type 'Release'
OS: 'Windows 10 Pro; OS build 19043.1288; Version 2009; 64bit' Language: 'pt' Physical Memory: 4038 MB
BatchMode: 1, IsHumanControllingUs: 0, StartBugReporterOnCrash: 0, Is64bit: 1, IsPro: 0

COMMAND LINE ARGUMENTS:
C:\Program Files\Unity\Hub\Editor\2020.3.21f1\Editor\Unity.exe
-adb2
-batchMode
-noUpm
-name
AssetImportWorker0
-projectPath
C:/Users/Alvaro/Documents/0Git/1_TGD_Studio/Fortress2040
-logFile
Logs/AssetImportWorker0.log
-srvPort
55728
Successfully changed project path to: C:/Users/Alvaro/Documents/0Git/1_TGD_Studio/Fortress2040
C:/Users/Alvaro/Documents/0Git/1_TGD_Studio/Fortress2040
Using Asset Import Pipeline V2.
Refreshing native plugins compatible for Editor in 88.25 ms, found 3 plugins.
Preloading 0 native plugins for Editor in 0.00 ms.
Initialize engine version: 2020.3.21f1 (a38c86f6690f)
[Subsystems] Discovering subsystems at path C:/Program Files/Unity/Hub/Editor/2020.3.21f1/Editor/Data/Resources/UnitySubsystems
[Subsystems] Discovering subsystems at path C:/Users/Alvaro/Documents/0Git/1_TGD_Studio/Fortress2040/Assets
GfxDevice: creating device client; threaded=0
Direct3D:
    Version:  Direct3D 11.0 [level 11.1]
    Renderer: NVIDIA GeForce GTX 1650 (ID=0x2188)
    Vendor:   
    VRAM:     3962 MB
    Driver:   30.0.14.9649
Initialize mono
Mono path[0] = 'C:/Program Files/Unity/Hub/Editor/2020.3.21f1/Editor/Data/Managed'
Mono path[1] = 'C:/Program Files/Unity/Hub/Editor/2020.3.21f1/Editor/Data/MonoBleedingEdge/lib/mono/unityjit'
Mono config path = 'C:/Program Files/Unity/Hub/Editor/2020.3.21f1/Editor/Data/MonoBleedingEdge/etc'
Using monoOptions --debugger-agent=transport=dt_socket,embedding=1,server=y,suspend=n,address=127.0.0.1:56652
Begin MonoManager ReloadAssembly
Registering precompiled unity dll's ...
Register platform support module: C:/Program Files/Unity/Hub/Editor/2020.3.21f1/Editor/Data/PlaybackEngines/WindowsStandaloneSupport/UnityEditor.WindowsStandalone.Extensions.dll
Registered in 0.010237 seconds.
Native extension for WindowsStandalone target not found
Refreshing native plugins compatible for Editor in 73.29 ms, found 3 plugins.
Preloading 0 native plugins for Editor in 0.00 ms.
Mono: successfully reloaded assembly
- Completed reload, in  8.551 seconds
Domain Reload Profiling:
	ReloadAssembly (8552ms)
		BeginReloadAssembly (163ms)
			ExecutionOrderSort (0ms)
			DisableScriptedObjects (0ms)
			BackupInstance (0ms)
			ReleaseScriptingObjects (0ms)
			CreateAndSetChildDomain (3ms)
		EndReloadAssembly (814ms)
			LoadAssemblies (153ms)
			RebuildTransferFunctionScriptingTraits (1ms)
			SetupTypeCache (263ms)
			ReleaseScriptCaches (1ms)
			RebuildScriptCaches (51ms)
			SetupLoadedEditorAssemblies (306ms)
				LogAssemblyErrors (0ms)
				InitializePlatformSupportModulesInManaged (8ms)
				SetLoadedEditorAssemblies (0ms)
				RefreshPlugins (73ms)
				BeforeProcessingInitializeOnLoad (32ms)
				ProcessInitializeOnLoadAttributes (144ms)
				ProcessInitializeOnLoadMethodAttributes (47ms)
				AfterProcessingInitializeOnLoad (0ms)
				EditorAssembliesLoaded (1ms)
			ExecutionOrderSort2 (0ms)
			AwakeInstancesAfterBackupRestoration (0ms)
Platform modules already initialized, skipping
Registering precompiled user dll's ...
Registered in 0.036213 seconds.
Begin MonoManager ReloadAssembly
Native extension for WindowsStandalone target not found
Refreshing native plugins compatible for Editor in 69.20 ms, found 3 plugins.
Preloading 0 native plugins for Editor in 0.00 ms.
Mono: successfully reloaded assembly
- Completed reload, in  2.312 seconds
Domain Reload Profiling:
	ReloadAssembly (2316ms)
		BeginReloadAssembly (266ms)
			ExecutionOrderSort (0ms)
			DisableScriptedObjects (8ms)
			BackupInstance (0ms)
			ReleaseScriptingObjects (0ms)
			CreateAndSetChildDomain (32ms)
		EndReloadAssembly (1917ms)
			LoadAssemblies (301ms)
			RebuildTransferFunctionScriptingTraits (0ms)
			SetupTypeCache (568ms)
			ReleaseScriptCaches (1ms)
			RebuildScriptCaches (89ms)
			SetupLoadedEditorAssemblies (746ms)
				LogAssemblyErrors (0ms)
				InitializePlatformSupportModulesInManaged (5ms)
				SetLoadedEditorAssemblies (0ms)
				RefreshPlugins (69ms)
				BeforeProcessingInitializeOnLoad (153ms)
				ProcessInitializeOnLoadAttributes (469ms)
				ProcessInitializeOnLoadMethodAttributes (33ms)
				AfterProcessingInitializeOnLoad (16ms)
				EditorAssembliesLoaded (0ms)
			ExecutionOrderSort2 (0ms)
			AwakeInstancesAfterBackupRestoration (11ms)
Platform modules already initialized, skipping
========================================================================
Worker process is ready to serve import requests
Launched and connected shader compiler UnityShaderCompiler.exe after 0.29 seconds
Refreshing native plugins compatible for Editor in 0.91 ms, found 3 plugins.
Preloading 0 native plugins for Editor in 0.00 ms.
Unloading 2184 Unused Serialized files (Serialized files now loaded: 0)
System memory in use before: 95.5 MB.
System memory in use after: 95.6 MB.

Unloading 28 unused Assets to reduce memory usage. Loaded Objects now: 2617.
Total: 14.447000 ms (FindLiveObjects: 0.525500 ms CreateObjectMapping: 0.151700 ms MarkObjects: 12.471100 ms  DeleteObjects: 1.296000 ms)

AssetImportParameters requested are different than current active one (requested -> active):
  custom:framework-win-MediaFoundation: 216162199b28c13a410421893ffa2e32 -> 
  custom:video-decoder-ogg-theora: a1e56fd34408186e4bbccfd4996cb3dc -> 
  custom:container-muxer-webm: aa71ff27fc2769a1b78a27578f13a17b -> 
  custom:container-demuxer-webm: 4f35f7cbe854078d1ac9338744f61a02 -> 
  custom:container-demuxer-ogg: 62fdf1f143b41e24485cea50d1cbac27 -> 
  custom:video-encoder-webm-vp8: eb34c28f22e8b96e1ab97ce403110664 -> 
  custom:video-decoder-webm-vp8: 9c59270c3fd7afecdb556c50c9e8de78 -> 
  custom:audio-decoder-ogg-vorbis: bf7c407c2cedff20999df2af8eb42d56 -> 
  custom:audio-encoder-webm-vorbis: bf7c407c2cedff20999df2af8eb42d56 -> 
========================================================================
Received Import Request.
  path: Assets/Placeholder
  artifactKey: Guid(750beb7daf65fcb42993c4f3dcfbd720) Importer(815301076,1909f56bfc062723c751e8b465ee728b)
Start importing Assets/Placeholder using Guid(750beb7daf65fcb42993c4f3dcfbd720) Importer(815301076,1909f56bfc062723c751e8b465ee728b)  -> (artifact id: '3813933e40c4f7f6ab9eb51fc979e004') in 0.017816 seconds 
  Import took 0.023564 seconds .

========================================================================
Received Import Request.
  Time since last request: 45.025729 seconds.
  path: Assets/Prefabs
  artifactKey: Guid(ae5023f302a815641ba67daf480a640a) Importer(815301076,1909f56bfc062723c751e8b465ee728b)
Start importing Assets/Prefabs using Guid(ae5023f302a815641ba67daf480a640a) Importer(815301076,1909f56bfc062723c751e8b465ee728b)  -> (artifact id: '30ed63bc1c22bb29633ef3327cb0d8cf') in 0.013188 seconds 
  Import took 0.018179 seconds .

========================================================================
Received Import Request.
  Time since last request: 0.098476 seconds.
  path: Assets/Prefabs/Ladrão astuto.prefab
  artifactKey: Guid(a17f67af8d9e9e5448a207d17c8218e2) Importer(815301076,1909f56bfc062723c751e8b465ee728b)
Start importing Assets/Prefabs/Ladrão astuto.prefab using Guid(a17f67af8d9e9e5448a207d17c8218e2) Importer(815301076,1909f56bfc062723c751e8b465ee728b)  -> (artifact id: 'c1d68dd677a0faee2424cb2eeeb183bb') in 0.336655 seconds 
  Import took 0.341489 seconds .

========================================================================
Received Import Request.
  Time since last request: 0.000408 seconds.
  path: Assets/Prefabs/Ladrão bobo.prefab
  artifactKey: Guid(25635ff4089e33744b49803f9663797a) Importer(815301076,1909f56bfc062723c751e8b465ee728b)
Start importing Assets/Prefabs/Ladrão bobo.prefab using Guid(25635ff4089e33744b49803f9663797a) Importer(815301076,1909f56bfc062723c751e8b465ee728b)  -> (artifact id: '1eb9297dc66b6ce7a80c5af8192e5036') in 0.030201 seconds 
  Import took 0.034726 seconds .

========================================================================
Received Import Request.
  Time since last request: 0.000292 seconds.
  path: Assets/Prefabs/Ladrão usual.prefab
  artifactKey: Guid(e1d1921f1dbbee846bfebdf56918e3b2) Importer(815301076,1909f56bfc062723c751e8b465ee728b)
Start importing Assets/Prefabs/Ladrão usual.prefab using Guid(e1d1921f1dbbee846bfebdf56918e3b2) Importer(815301076,1909f56bfc062723c751e8b465ee728b)  -> (artifact id: '847add0b02ae87150279e78daca73f6e') in 0.039430 seconds 
  Import took 0.045534 seconds .

========================================================================
Received Import Request.
  Time since last request: 0.000502 seconds.
  path: Assets/Prefabs/Main Character.prefab
  artifactKey: Guid(af92360900bfc7f459ab00583b70eb0b) Importer(815301076,1909f56bfc062723c751e8b465ee728b)
Start importing Assets/Prefabs/Main Character.prefab using Guid(af92360900bfc7f459ab00583b70eb0b) Importer(815301076,1909f56bfc062723c751e8b465ee728b)  -> (artifact id: '1152313d15694466141f8b273abceea9') in 0.025257 seconds 
  Import took 0.032593 seconds .

========================================================================
Received Import Request.
  Time since last request: 7.062164 seconds.
  path: Assets/Placeholder/Reporter.png
  artifactKey: Guid(6cfd8d1c8df5234489685da9801cecfd) Importer(815301076,1909f56bfc062723c751e8b465ee728b)
Start importing Assets/Placeholder/Reporter.png using Guid(6cfd8d1c8df5234489685da9801cecfd) Importer(815301076,1909f56bfc062723c751e8b465ee728b)  -> (artifact id: 'ef17af87adfd40d911adfadbf0055ad1') in 0.250043 seconds 
  Import took 0.256968 seconds .

========================================================================
Received Import Request.
  Time since last request: 17.907674 seconds.
  path: Assets/Prefabs/Main Character.prefab
  artifactKey: Guid(af92360900bfc7f459ab00583b70eb0b) Importer(815301076,1909f56bfc062723c751e8b465ee728b)
Start importing Assets/Prefabs/Main Character.prefab using Guid(af92360900bfc7f459ab00583b70eb0b) Importer(815301076,1909f56bfc062723c751e8b465ee728b)  -> (artifact id: 'fd8c16be33a9c73ccb55161559322906') in 0.025000 seconds 
  Import took 0.030002 seconds .

========================================================================
Received Import Request.
  Time since last request: 42.246881 seconds.
  path: Assets/Placeholder/Meliante.png
  artifactKey: Guid(d7ff840940e748c45af9ce11cc2aa151) Importer(815301076,1909f56bfc062723c751e8b465ee728b)
Start importing Assets/Placeholder/Meliante.png using Guid(d7ff840940e748c45af9ce11cc2aa151) Importer(815301076,1909f56bfc062723c751e8b465ee728b)  -> (artifact id: '80dc1deadb2ae1143ab22969a2b8c05a') in 0.050719 seconds 
  Import took 0.057707 seconds .

========================================================================
Received Import Request.
  Time since last request: 3.397110 seconds.
  path: Assets/Prefabs/Ladrão astuto.prefab
  artifactKey: Guid(a17f67af8d9e9e5448a207d17c8218e2) Importer(815301076,1909f56bfc062723c751e8b465ee728b)
Start importing Assets/Prefabs/Ladrão astuto.prefab using Guid(a17f67af8d9e9e5448a207d17c8218e2) Importer(815301076,1909f56bfc062723c751e8b465ee728b)  -> (artifact id: '5afd36b51181c26925067d9ce432bff1') in 0.024625 seconds 
  Import took 0.030217 seconds .

========================================================================
Received Import Request.
  Time since last request: 2.811922 seconds.
  path: Assets/Prefabs/Ladrão bobo.prefab
  artifactKey: Guid(25635ff4089e33744b49803f9663797a) Importer(815301076,1909f56bfc062723c751e8b465ee728b)
Start importing Assets/Prefabs/Ladrão bobo.prefab using Guid(25635ff4089e33744b49803f9663797a) Importer(815301076,1909f56bfc062723c751e8b465ee728b)  -> (artifact id: '5ba79c2b2147d7ee6b1193a9c2e442f5') in 0.027320 seconds 
  Import took 0.032912 seconds .

========================================================================
Received Import Request.
  Time since last request: 0.000336 seconds.
  path: Assets/Prefabs/Ladrão usual.prefab
  artifactKey: Guid(e1d1921f1dbbee846bfebdf56918e3b2) Importer(815301076,1909f56bfc062723c751e8b465ee728b)
Start importing Assets/Prefabs/Ladrão usual.prefab using Guid(e1d1921f1dbbee846bfebdf56918e3b2) Importer(815301076,1909f56bfc062723c751e8b465ee728b)  -> (artifact id: '28ddc42ad7095c705de3f44e3a30c55b') in 0.030080 seconds 
  Import took 0.034954 seconds .

========================================================================
Received Import Request.
  Time since last request: 9.369908 seconds.
  path: Assets/Scenes/SampleScene.unity
  artifactKey: Guid(2cda990e2423bbf4892e6590ba056729) Importer(815301076,1909f56bfc062723c751e8b465ee728b)
Start importing Assets/Scenes/SampleScene.unity using Guid(2cda990e2423bbf4892e6590ba056729) Importer(815301076,1909f56bfc062723c751e8b465ee728b)  -> (artifact id: 'f6704d3ead54ae686db50c28367031d6') in 0.010493 seconds 
  Import took 0.015421 seconds .

AssetImportWorkerClient::OnTransportError - code=2 error=End of file
